/usr/local/lib/python3.10/site-packages/celery/platforms.py:840: SecurityWarning: You're running the worker with superuser privileges: this is
absolutely not recommended!

Please specify a different user using the --uid option.

User information: uid=0 euid=0 gid=0 egid=0

  warnings.warn(SecurityWarning(ROOT_DISCOURAGED.format(
 
 -------------- celery@worker_send_msg v5.2.3 (dawn-chorus)
--- ***** ----- 
-- ******* ---- Linux-5.10.25-linuxkit-x86_64-with-glibc2.31 2022-10-27 15:52:57
- *** --- * --- 
- ** ---------- [config]
- ** ---------- .> app:         boke:0x7fbaf1d86a70
- ** ---------- .> transport:   redis://redis:6379//
- ** ---------- .> results:     redis://redis:6379/
- *** --- * --- .> concurrency: 4 (prefork)
-- ******* ---- .> task events: OFF (enable -E to monitor tasks in this worker)
--- ***** ----- 
 -------------- [queues]
                .> send_msg         exchange=send_msg(direct) key=send_msg
                

[tasks]
  . users.tasks.send_sms_celery
  . users.tasks.timing

[2022-10-27 15:52:57,277: WARNING/MainProcess] /usr/local/lib/python3.10/site-packages/celery/app/utils.py:204: CDeprecationWarning: 
    The 'BROKER_URL' setting is deprecated and scheduled for removal in
    version 6.0.0. Use the broker_url instead

  deprecated.warn(description=f'The {setting!r} setting',

[2022-10-27 15:52:57,277: WARNING/MainProcess] /usr/local/lib/python3.10/site-packages/celery/app/utils.py:204: CDeprecationWarning: 
    The 'CELERY_DEFAULT_EXCHANGE' setting is deprecated and scheduled for removal in
    version 6.0.0. Use the task_default_exchange instead

  deprecated.warn(description=f'The {setting!r} setting',

[2022-10-27 15:52:57,277: WARNING/MainProcess] /usr/local/lib/python3.10/site-packages/celery/app/utils.py:204: CDeprecationWarning: 
    The 'CELERY_DEFAULT_ROUTING_KEY' setting is deprecated and scheduled for removal in
    version 6.0.0. Use the task_default_routing_key instead

  deprecated.warn(description=f'The {setting!r} setting',

[2022-10-27 15:52:57,277: WARNING/MainProcess] /usr/local/lib/python3.10/site-packages/celery/app/utils.py:204: CDeprecationWarning: 
    The 'CELERY_QUEUES' setting is deprecated and scheduled for removal in
    version 6.0.0. Use the task_queues instead

  deprecated.warn(description=f'The {setting!r} setting',

[2022-10-27 15:52:57,278: WARNING/MainProcess] /usr/local/lib/python3.10/site-packages/celery/app/utils.py:204: CDeprecationWarning: 
    The 'CELERY_DEFAULT_QUEUE' setting is deprecated and scheduled for removal in
    version 6.0.0. Use the task_default_queue instead

  deprecated.warn(description=f'The {setting!r} setting',

[2022-10-27 15:52:57,280: WARNING/MainProcess] /usr/local/lib/python3.10/site-packages/celery/app/utils.py:204: CDeprecationWarning: 
    The 'CELERY_ROUTES' setting is deprecated and scheduled for removal in
    version 6.0.0. Use the task_routes instead

  deprecated.warn(description=f'The {setting!r} setting',

[2022-10-27 15:52:57,280: WARNING/MainProcess] /usr/local/lib/python3.10/site-packages/celery/app/utils.py:204: CDeprecationWarning: 
    The 'CELERY_RESULT_BACKEND' setting is deprecated and scheduled for removal in
    version 6.0.0. Use the result_backend instead

  deprecated.warn(description=f'The {setting!r} setting',

[2022-10-27 15:52:57,288: WARNING/MainProcess] /usr/local/lib/python3.10/site-packages/celery/app/utils.py:204: CDeprecationWarning: 
    The 'CELERY_TIMEZONE' setting is deprecated and scheduled for removal in
    version 6.0.0. Use the timezone instead

  deprecated.warn(description=f'The {setting!r} setting',

[2022-10-27 15:52:57,288: WARNING/MainProcess] Please run `celery upgrade settings path/to/settings.py` to avoid these warnings and to allow a smoother upgrade to Celery 6.0.
[2022-10-27 15:52:57,894: INFO/MainProcess] Connected to redis://redis:6379//
[2022-10-27 15:52:57,906: INFO/MainProcess] mingle: searching for neighbors
[2022-10-27 15:52:58,948: INFO/MainProcess] mingle: all alone
[2022-10-27 15:52:59,027: WARNING/MainProcess] /usr/local/lib/python3.10/site-packages/celery/fixups/django.py:203: UserWarning: Using settings.DEBUG leads to a memory
            leak, never use this setting in production environments!
  warnings.warn('''Using settings.DEBUG leads to a memory

[2022-10-27 15:52:59,028: INFO/MainProcess] celery@worker_send_msg ready.
[2022-10-27 15:53:00,202: INFO/MainProcess] sync with celery@worker_default

worker: Warm shutdown (MainProcess)
/usr/local/lib/python3.10/site-packages/celery/platforms.py:840: SecurityWarning: You're running the worker with superuser privileges: this is
absolutely not recommended!

Please specify a different user using the --uid option.

User information: uid=0 euid=0 gid=0 egid=0

  warnings.warn(SecurityWarning(ROOT_DISCOURAGED.format(
 
 -------------- celery@worker_send_msg v5.2.3 (dawn-chorus)
--- ***** ----- 
-- ******* ---- Linux-5.10.25-linuxkit-x86_64-with-glibc2.31 2022-10-27 17:18:16
- *** --- * --- 
- ** ---------- [config]
- ** ---------- .> app:         boke:0x7f3bb1632a70
- ** ---------- .> transport:   redis://redis:6379//
- ** ---------- .> results:     redis://redis:6379/
- *** --- * --- .> concurrency: 4 (prefork)
-- ******* ---- .> task events: OFF (enable -E to monitor tasks in this worker)
--- ***** ----- 
 -------------- [queues]
                .> send_msg         exchange=send_msg(direct) key=send_msg
                

[tasks]
  . article.tasks.cogradient
  . users.tasks.send_sms_celery
  . users.tasks.timing

[2022-10-27 17:18:16,749: WARNING/MainProcess] /usr/local/lib/python3.10/site-packages/celery/app/utils.py:204: CDeprecationWarning: 
    The 'CELERY_DEFAULT_ROUTING_KEY' setting is deprecated and scheduled for removal in
    version 6.0.0. Use the task_default_routing_key instead

  deprecated.warn(description=f'The {setting!r} setting',

[2022-10-27 17:18:16,750: WARNING/MainProcess] /usr/local/lib/python3.10/site-packages/celery/app/utils.py:204: CDeprecationWarning: 
    The 'CELERY_TIMEZONE' setting is deprecated and scheduled for removal in
    version 6.0.0. Use the timezone instead

  deprecated.warn(description=f'The {setting!r} setting',

[2022-10-27 17:18:16,750: WARNING/MainProcess] /usr/local/lib/python3.10/site-packages/celery/app/utils.py:204: CDeprecationWarning: 
    The 'CELERY_DEFAULT_QUEUE' setting is deprecated and scheduled for removal in
    version 6.0.0. Use the task_default_queue instead

  deprecated.warn(description=f'The {setting!r} setting',

[2022-10-27 17:18:16,750: WARNING/MainProcess] /usr/local/lib/python3.10/site-packages/celery/app/utils.py:204: CDeprecationWarning: 
    The 'CELERY_QUEUES' setting is deprecated and scheduled for removal in
    version 6.0.0. Use the task_queues instead

  deprecated.warn(description=f'The {setting!r} setting',

[2022-10-27 17:18:16,750: WARNING/MainProcess] /usr/local/lib/python3.10/site-packages/celery/app/utils.py:204: CDeprecationWarning: 
    The 'CELERY_RESULT_BACKEND' setting is deprecated and scheduled for removal in
    version 6.0.0. Use the result_backend instead

  deprecated.warn(description=f'The {setting!r} setting',

[2022-10-27 17:18:16,751: WARNING/MainProcess] /usr/local/lib/python3.10/site-packages/celery/app/utils.py:204: CDeprecationWarning: 
    The 'CELERY_ROUTES' setting is deprecated and scheduled for removal in
    version 6.0.0. Use the task_routes instead

  deprecated.warn(description=f'The {setting!r} setting',

[2022-10-27 17:18:16,751: WARNING/MainProcess] /usr/local/lib/python3.10/site-packages/celery/app/utils.py:204: CDeprecationWarning: 
    The 'CELERY_DEFAULT_EXCHANGE' setting is deprecated and scheduled for removal in
    version 6.0.0. Use the task_default_exchange instead

  deprecated.warn(description=f'The {setting!r} setting',

[2022-10-27 17:18:16,751: WARNING/MainProcess] /usr/local/lib/python3.10/site-packages/celery/app/utils.py:204: CDeprecationWarning: 
    The 'BROKER_URL' setting is deprecated and scheduled for removal in
    version 6.0.0. Use the broker_url instead

  deprecated.warn(description=f'The {setting!r} setting',

[2022-10-27 17:18:16,751: WARNING/MainProcess] Please run `celery upgrade settings path/to/settings.py` to avoid these warnings and to allow a smoother upgrade to Celery 6.0.
[2022-10-27 17:18:17,270: INFO/MainProcess] Connected to redis://redis:6379//
[2022-10-27 17:18:17,280: INFO/MainProcess] mingle: searching for neighbors
[2022-10-27 17:18:18,297: INFO/MainProcess] mingle: all alone
[2022-10-27 17:18:18,323: WARNING/MainProcess] /usr/local/lib/python3.10/site-packages/celery/fixups/django.py:203: UserWarning: Using settings.DEBUG leads to a memory
            leak, never use this setting in production environments!
  warnings.warn('''Using settings.DEBUG leads to a memory

[2022-10-27 17:18:18,323: INFO/MainProcess] celery@worker_send_msg ready.
[2022-10-27 18:02:49,200: INFO/MainProcess] missed heartbeat from celery@worker_default
[2022-10-27 18:06:34,814: INFO/MainProcess] missed heartbeat from celery@worker_default
[2022-10-27 19:09:27,626: INFO/MainProcess] missed heartbeat from celery@worker_default
[2022-10-27 20:04:42,887: INFO/MainProcess] missed heartbeat from celery@worker_default
[2022-10-27 22:50:32,652: INFO/MainProcess] missed heartbeat from celery@worker_default
[2022-10-27 22:50:32,938: WARNING/MainProcess] Substantial drift from celery@worker_default may mean clocks are out of sync.  Current drift is 9936 seconds.  [orig: 2022-10-27 22:50:32.887018 recv: 2022-10-27 20:04:56.267651]
[2022-10-27 22:50:46,978: INFO/MainProcess] missed heartbeat from celery@worker_default
[2022-10-27 22:51:00,068: INFO/MainProcess] missed heartbeat from celery@worker_default
[2022-10-28 02:26:58,980: INFO/MainProcess] missed heartbeat from celery@worker_default
[2022-10-28 04:15:43,884: INFO/MainProcess] missed heartbeat from celery@worker_default
[2022-10-28 06:03:16,387: INFO/MainProcess] missed heartbeat from celery@worker_default

worker: Warm shutdown (MainProcess)
/usr/local/lib/python3.10/site-packages/celery/platforms.py:840: SecurityWarning: You're running the worker with superuser privileges: this is
absolutely not recommended!

Please specify a different user using the --uid option.

User information: uid=0 euid=0 gid=0 egid=0

  warnings.warn(SecurityWarning(ROOT_DISCOURAGED.format(
 
 -------------- celery@worker_send_msg v5.2.3 (dawn-chorus)
--- ***** ----- 
-- ******* ---- Linux-5.10.25-linuxkit-x86_64-with-glibc2.31 2022-10-28 10:24:24
- *** --- * --- 
- ** ---------- [config]
- ** ---------- .> app:         boke:0x7f869442aa40
- ** ---------- .> transport:   redis://redis:6379//
- ** ---------- .> results:     redis://redis:6379/
- *** --- * --- .> concurrency: 4 (prefork)
-- ******* ---- .> task events: OFF (enable -E to monitor tasks in this worker)
--- ***** ----- 
 -------------- [queues]
                .> send_msg         exchange=send_msg(direct) key=send_msg
                

[tasks]
  . article.tasks.cogradient
  . users.tasks.send_sms_celery
  . users.tasks.timing

[2022-10-28 10:24:24,978: WARNING/MainProcess] /usr/local/lib/python3.10/site-packages/celery/app/utils.py:204: CDeprecationWarning: 
    The 'CELERY_TIMEZONE' setting is deprecated and scheduled for removal in
    version 6.0.0. Use the timezone instead

  deprecated.warn(description=f'The {setting!r} setting',

[2022-10-28 10:24:24,979: WARNING/MainProcess] /usr/local/lib/python3.10/site-packages/celery/app/utils.py:204: CDeprecationWarning: 
    The 'CELERY_DEFAULT_EXCHANGE' setting is deprecated and scheduled for removal in
    version 6.0.0. Use the task_default_exchange instead

  deprecated.warn(description=f'The {setting!r} setting',

[2022-10-28 10:24:24,979: WARNING/MainProcess] /usr/local/lib/python3.10/site-packages/celery/app/utils.py:204: CDeprecationWarning: 
    The 'CELERY_DEFAULT_ROUTING_KEY' setting is deprecated and scheduled for removal in
    version 6.0.0. Use the task_default_routing_key instead

  deprecated.warn(description=f'The {setting!r} setting',

[2022-10-28 10:24:24,980: WARNING/MainProcess] /usr/local/lib/python3.10/site-packages/celery/app/utils.py:204: CDeprecationWarning: 
    The 'CELERY_ROUTES' setting is deprecated and scheduled for removal in
    version 6.0.0. Use the task_routes instead

  deprecated.warn(description=f'The {setting!r} setting',

[2022-10-28 10:24:24,980: WARNING/MainProcess] /usr/local/lib/python3.10/site-packages/celery/app/utils.py:204: CDeprecationWarning: 
    The 'CELERY_QUEUES' setting is deprecated and scheduled for removal in
    version 6.0.0. Use the task_queues instead

  deprecated.warn(description=f'The {setting!r} setting',

[2022-10-28 10:24:24,980: WARNING/MainProcess] /usr/local/lib/python3.10/site-packages/celery/app/utils.py:204: CDeprecationWarning: 
    The 'CELERY_DEFAULT_QUEUE' setting is deprecated and scheduled for removal in
    version 6.0.0. Use the task_default_queue instead

  deprecated.warn(description=f'The {setting!r} setting',

[2022-10-28 10:24:24,980: WARNING/MainProcess] /usr/local/lib/python3.10/site-packages/celery/app/utils.py:204: CDeprecationWarning: 
    The 'BROKER_URL' setting is deprecated and scheduled for removal in
    version 6.0.0. Use the broker_url instead

  deprecated.warn(description=f'The {setting!r} setting',

[2022-10-28 10:24:24,980: WARNING/MainProcess] /usr/local/lib/python3.10/site-packages/celery/app/utils.py:204: CDeprecationWarning: 
    The 'CELERY_RESULT_BACKEND' setting is deprecated and scheduled for removal in
    version 6.0.0. Use the result_backend instead

  deprecated.warn(description=f'The {setting!r} setting',

[2022-10-28 10:24:24,981: WARNING/MainProcess] Please run `celery upgrade settings path/to/settings.py` to avoid these warnings and to allow a smoother upgrade to Celery 6.0.
[2022-10-28 10:24:27,633: INFO/MainProcess] Connected to redis://redis:6379//
[2022-10-28 10:24:27,649: INFO/MainProcess] mingle: searching for neighbors
[2022-10-28 10:24:28,708: INFO/MainProcess] mingle: all alone
[2022-10-28 10:24:28,876: WARNING/MainProcess] /usr/local/lib/python3.10/site-packages/celery/fixups/django.py:203: UserWarning: Using settings.DEBUG leads to a memory
            leak, never use this setting in production environments!
  warnings.warn('''Using settings.DEBUG leads to a memory

[2022-10-28 10:24:28,877: INFO/MainProcess] celery@worker_send_msg ready.

worker: Warm shutdown (MainProcess)
/usr/local/lib/python3.10/site-packages/celery/platforms.py:840: SecurityWarning: You're running the worker with superuser privileges: this is
absolutely not recommended!

Please specify a different user using the --uid option.

User information: uid=0 euid=0 gid=0 egid=0

  warnings.warn(SecurityWarning(ROOT_DISCOURAGED.format(
 
 -------------- celery@worker_send_msg v5.2.3 (dawn-chorus)
--- ***** ----- 
-- ******* ---- Linux-5.10.25-linuxkit-x86_64-with-glibc2.31 2022-10-28 10:27:01
- *** --- * --- 
- ** ---------- [config]
- ** ---------- .> app:         boke:0x7ff9b5abaa70
- ** ---------- .> transport:   redis://redis:6379//
- ** ---------- .> results:     redis://redis:6379/
- *** --- * --- .> concurrency: 4 (prefork)
-- ******* ---- .> task events: OFF (enable -E to monitor tasks in this worker)
--- ***** ----- 
 -------------- [queues]
                .> send_msg         exchange=send_msg(direct) key=send_msg
                

[tasks]
  . article.tasks.cogradient
  . users.tasks.send_sms_celery
  . users.tasks.timing

[2022-10-28 10:27:01,645: WARNING/MainProcess] /usr/local/lib/python3.10/site-packages/celery/app/utils.py:204: CDeprecationWarning: 
    The 'CELERY_DEFAULT_QUEUE' setting is deprecated and scheduled for removal in
    version 6.0.0. Use the task_default_queue instead

  deprecated.warn(description=f'The {setting!r} setting',

[2022-10-28 10:27:01,650: WARNING/MainProcess] /usr/local/lib/python3.10/site-packages/celery/app/utils.py:204: CDeprecationWarning: 
    The 'CELERY_QUEUES' setting is deprecated and scheduled for removal in
    version 6.0.0. Use the task_queues instead

  deprecated.warn(description=f'The {setting!r} setting',

[2022-10-28 10:27:01,651: WARNING/MainProcess] /usr/local/lib/python3.10/site-packages/celery/app/utils.py:204: CDeprecationWarning: 
    The 'CELERY_ROUTES' setting is deprecated and scheduled for removal in
    version 6.0.0. Use the task_routes instead

  deprecated.warn(description=f'The {setting!r} setting',

[2022-10-28 10:27:01,651: WARNING/MainProcess] /usr/local/lib/python3.10/site-packages/celery/app/utils.py:204: CDeprecationWarning: 
    The 'BROKER_URL' setting is deprecated and scheduled for removal in
    version 6.0.0. Use the broker_url instead

  deprecated.warn(description=f'The {setting!r} setting',

[2022-10-28 10:27:01,651: WARNING/MainProcess] /usr/local/lib/python3.10/site-packages/celery/app/utils.py:204: CDeprecationWarning: 
    The 'CELERY_DEFAULT_EXCHANGE' setting is deprecated and scheduled for removal in
    version 6.0.0. Use the task_default_exchange instead

  deprecated.warn(description=f'The {setting!r} setting',

[2022-10-28 10:27:01,651: WARNING/MainProcess] /usr/local/lib/python3.10/site-packages/celery/app/utils.py:204: CDeprecationWarning: 
    The 'CELERY_RESULT_BACKEND' setting is deprecated and scheduled for removal in
    version 6.0.0. Use the result_backend instead

  deprecated.warn(description=f'The {setting!r} setting',

[2022-10-28 10:27:01,651: WARNING/MainProcess] /usr/local/lib/python3.10/site-packages/celery/app/utils.py:204: CDeprecationWarning: 
    The 'CELERY_DEFAULT_ROUTING_KEY' setting is deprecated and scheduled for removal in
    version 6.0.0. Use the task_default_routing_key instead

  deprecated.warn(description=f'The {setting!r} setting',

[2022-10-28 10:27:01,651: WARNING/MainProcess] /usr/local/lib/python3.10/site-packages/celery/app/utils.py:204: CDeprecationWarning: 
    The 'CELERY_TIMEZONE' setting is deprecated and scheduled for removal in
    version 6.0.0. Use the timezone instead

  deprecated.warn(description=f'The {setting!r} setting',

[2022-10-28 10:27:01,652: WARNING/MainProcess] Please run `celery upgrade settings path/to/settings.py` to avoid these warnings and to allow a smoother upgrade to Celery 6.0.
[2022-10-28 10:27:02,935: INFO/MainProcess] Connected to redis://redis:6379//
[2022-10-28 10:27:02,941: INFO/MainProcess] mingle: searching for neighbors
[2022-10-28 10:27:04,241: INFO/MainProcess] mingle: all alone
[2022-10-28 10:27:05,603: WARNING/MainProcess] /usr/local/lib/python3.10/site-packages/celery/fixups/django.py:203: UserWarning: Using settings.DEBUG leads to a memory
            leak, never use this setting in production environments!
  warnings.warn('''Using settings.DEBUG leads to a memory

[2022-10-28 10:27:05,604: INFO/MainProcess] celery@worker_send_msg ready.

worker: Warm shutdown (MainProcess)
/usr/local/lib/python3.10/site-packages/celery/platforms.py:840: SecurityWarning: You're running the worker with superuser privileges: this is
absolutely not recommended!

Please specify a different user using the --uid option.

User information: uid=0 euid=0 gid=0 egid=0

  warnings.warn(SecurityWarning(ROOT_DISCOURAGED.format(
 
 -------------- celery@worker_send_msg v5.2.3 (dawn-chorus)
--- ***** ----- 
-- ******* ---- Linux-5.10.25-linuxkit-x86_64-with-glibc2.31 2022-10-28 11:09:17
- *** --- * --- 
- ** ---------- [config]
- ** ---------- .> app:         boke:0x7f4a11f2aa70
- ** ---------- .> transport:   redis://redis:6379//
- ** ---------- .> results:     redis://redis:6379/
- *** --- * --- .> concurrency: 4 (prefork)
-- ******* ---- .> task events: OFF (enable -E to monitor tasks in this worker)
--- ***** ----- 
 -------------- [queues]
                .> send_msg         exchange=send_msg(direct) key=send_msg
                

[tasks]
  . article.tasks.cogradient
  . users.tasks.send_sms_celery
  . users.tasks.timing

[2022-10-28 11:09:17,915: WARNING/MainProcess] /usr/local/lib/python3.10/site-packages/celery/app/utils.py:204: CDeprecationWarning: 
    The 'CELERY_TIMEZONE' setting is deprecated and scheduled for removal in
    version 6.0.0. Use the timezone instead

  deprecated.warn(description=f'The {setting!r} setting',

[2022-10-28 11:09:17,916: WARNING/MainProcess] /usr/local/lib/python3.10/site-packages/celery/app/utils.py:204: CDeprecationWarning: 
    The 'CELERY_QUEUES' setting is deprecated and scheduled for removal in
    version 6.0.0. Use the task_queues instead

  deprecated.warn(description=f'The {setting!r} setting',

[2022-10-28 11:09:17,916: WARNING/MainProcess] /usr/local/lib/python3.10/site-packages/celery/app/utils.py:204: CDeprecationWarning: 
    The 'CELERY_DEFAULT_EXCHANGE' setting is deprecated and scheduled for removal in
    version 6.0.0. Use the task_default_exchange instead

  deprecated.warn(description=f'The {setting!r} setting',

[2022-10-28 11:09:17,917: WARNING/MainProcess] /usr/local/lib/python3.10/site-packages/celery/app/utils.py:204: CDeprecationWarning: 
    The 'CELERY_DEFAULT_QUEUE' setting is deprecated and scheduled for removal in
    version 6.0.0. Use the task_default_queue instead

  deprecated.warn(description=f'The {setting!r} setting',

[2022-10-28 11:09:17,917: WARNING/MainProcess] /usr/local/lib/python3.10/site-packages/celery/app/utils.py:204: CDeprecationWarning: 
    The 'BROKER_URL' setting is deprecated and scheduled for removal in
    version 6.0.0. Use the broker_url instead

  deprecated.warn(description=f'The {setting!r} setting',

[2022-10-28 11:09:17,917: WARNING/MainProcess] /usr/local/lib/python3.10/site-packages/celery/app/utils.py:204: CDeprecationWarning: 
    The 'CELERY_DEFAULT_ROUTING_KEY' setting is deprecated and scheduled for removal in
    version 6.0.0. Use the task_default_routing_key instead

  deprecated.warn(description=f'The {setting!r} setting',

[2022-10-28 11:09:17,917: WARNING/MainProcess] /usr/local/lib/python3.10/site-packages/celery/app/utils.py:204: CDeprecationWarning: 
    The 'CELERY_ROUTES' setting is deprecated and scheduled for removal in
    version 6.0.0. Use the task_routes instead

  deprecated.warn(description=f'The {setting!r} setting',

[2022-10-28 11:09:17,917: WARNING/MainProcess] /usr/local/lib/python3.10/site-packages/celery/app/utils.py:204: CDeprecationWarning: 
    The 'CELERY_RESULT_BACKEND' setting is deprecated and scheduled for removal in
    version 6.0.0. Use the result_backend instead

  deprecated.warn(description=f'The {setting!r} setting',

[2022-10-28 11:09:17,917: WARNING/MainProcess] Please run `celery upgrade settings path/to/settings.py` to avoid these warnings and to allow a smoother upgrade to Celery 6.0.
[2022-10-28 11:09:18,535: INFO/MainProcess] Connected to redis://redis:6379//
[2022-10-28 11:09:18,543: INFO/MainProcess] mingle: searching for neighbors
[2022-10-28 11:09:19,564: INFO/MainProcess] mingle: all alone
[2022-10-28 11:09:19,580: WARNING/MainProcess] /usr/local/lib/python3.10/site-packages/celery/fixups/django.py:203: UserWarning: Using settings.DEBUG leads to a memory
            leak, never use this setting in production environments!
  warnings.warn('''Using settings.DEBUG leads to a memory

[2022-10-28 11:09:19,580: INFO/MainProcess] celery@worker_send_msg ready.
[2022-10-28 12:47:56,258: INFO/MainProcess] missed heartbeat from celery@worker_default
[2022-10-28 12:58:02,140: INFO/MainProcess] missed heartbeat from celery@worker_default
[2022-10-28 18:01:24,248: INFO/MainProcess] missed heartbeat from celery@worker_default
[2022-10-28 18:57:06,951: INFO/MainProcess] missed heartbeat from celery@worker_default
[2022-10-28 18:58:35,971: INFO/MainProcess] missed heartbeat from celery@worker_default
[2022-10-28 21:49:22,353: INFO/MainProcess] missed heartbeat from celery@worker_default
[2022-10-28 21:49:35,359: INFO/MainProcess] missed heartbeat from celery@worker_default
[2022-10-29 01:25:25,325: INFO/MainProcess] missed heartbeat from celery@worker_default
[2022-10-29 01:25:34,564: INFO/MainProcess] missed heartbeat from celery@worker_default
[2022-10-29 01:25:48,162: INFO/MainProcess] missed heartbeat from celery@worker_default
[2022-10-29 04:29:48,340: INFO/MainProcess] missed heartbeat from celery@worker_default
[2022-10-29 08:15:05,628: INFO/MainProcess] missed heartbeat from celery@worker_default
[2022-10-29 08:30:33,327: INFO/MainProcess] missed heartbeat from celery@worker_default
[2022-10-29 15:13:10,133: INFO/MainProcess] missed heartbeat from celery@worker_default
[2022-10-29 23:57:57,707: INFO/MainProcess] missed heartbeat from celery@worker_default
[2022-10-30 01:06:09,127: WARNING/MainProcess] Substantial drift from celery@worker_default may mean clocks are out of sync.  Current drift is 4032 seconds.  [orig: 2022-10-30 01:06:08.940042 recv: 2022-10-29 23:58:56.667521]
[2022-10-30 01:54:43,475: INFO/MainProcess] missed heartbeat from celery@worker_default
[2022-10-30 05:20:06,102: INFO/MainProcess] missed heartbeat from celery@worker_default
[2022-10-31 00:56:11,694: INFO/MainProcess] missed heartbeat from celery@worker_default
[2022-10-31 00:56:21,544: INFO/MainProcess] missed heartbeat from celery@worker_default
[2022-10-31 00:56:35,683: INFO/MainProcess] missed heartbeat from celery@worker_default
[2022-10-31 03:53:00,507: INFO/MainProcess] missed heartbeat from celery@worker_default
[2022-10-31 03:53:11,488: INFO/MainProcess] missed heartbeat from celery@worker_default
[2022-10-31 03:53:25,243: INFO/MainProcess] missed heartbeat from celery@worker_default
[2022-10-31 07:29:14,317: INFO/MainProcess] missed heartbeat from celery@worker_default
[2022-10-31 07:29:22,848: INFO/MainProcess] missed heartbeat from celery@worker_default
/usr/local/lib/python3.10/site-packages/celery/platforms.py:840: SecurityWarning: You're running the worker with superuser privileges: this is
absolutely not recommended!

Please specify a different user using the --uid option.

User information: uid=0 euid=0 gid=0 egid=0

  warnings.warn(SecurityWarning(ROOT_DISCOURAGED.format(
 
 -------------- celery@worker_send_msg v5.2.3 (dawn-chorus)
--- ***** ----- 
-- ******* ---- Linux-5.10.25-linuxkit-x86_64-with-glibc2.31 2022-10-31 14:08:02
- *** --- * --- 
- ** ---------- [config]
- ** ---------- .> app:         boke:0x7f1c87d4ea40
- ** ---------- .> transport:   redis://redis:6379//
- ** ---------- .> results:     redis://redis:6379/
- *** --- * --- .> concurrency: 4 (prefork)
-- ******* ---- .> task events: OFF (enable -E to monitor tasks in this worker)
--- ***** ----- 
 -------------- [queues]
                .> send_msg         exchange=send_msg(direct) key=send_msg
                

[tasks]
  . article.tasks.cogradient
  . users.tasks.send_sms_celery
  . users.tasks.timing

[2022-10-31 14:08:02,446: WARNING/MainProcess] /usr/local/lib/python3.10/site-packages/celery/app/utils.py:204: CDeprecationWarning: 
    The 'CELERY_DEFAULT_QUEUE' setting is deprecated and scheduled for removal in
    version 6.0.0. Use the task_default_queue instead

  deprecated.warn(description=f'The {setting!r} setting',

[2022-10-31 14:08:02,447: WARNING/MainProcess] /usr/local/lib/python3.10/site-packages/celery/app/utils.py:204: CDeprecationWarning: 
    The 'CELERY_DEFAULT_EXCHANGE' setting is deprecated and scheduled for removal in
    version 6.0.0. Use the task_default_exchange instead

  deprecated.warn(description=f'The {setting!r} setting',

[2022-10-31 14:08:02,448: WARNING/MainProcess] /usr/local/lib/python3.10/site-packages/celery/app/utils.py:204: CDeprecationWarning: 
    The 'CELERY_RESULT_BACKEND' setting is deprecated and scheduled for removal in
    version 6.0.0. Use the result_backend instead

  deprecated.warn(description=f'The {setting!r} setting',

[2022-10-31 14:08:02,448: WARNING/MainProcess] /usr/local/lib/python3.10/site-packages/celery/app/utils.py:204: CDeprecationWarning: 
    The 'BROKER_URL' setting is deprecated and scheduled for removal in
    version 6.0.0. Use the broker_url instead

  deprecated.warn(description=f'The {setting!r} setting',

[2022-10-31 14:08:02,449: WARNING/MainProcess] /usr/local/lib/python3.10/site-packages/celery/app/utils.py:204: CDeprecationWarning: 
    The 'CELERY_TIMEZONE' setting is deprecated and scheduled for removal in
    version 6.0.0. Use the timezone instead

  deprecated.warn(description=f'The {setting!r} setting',

[2022-10-31 14:08:02,449: WARNING/MainProcess] /usr/local/lib/python3.10/site-packages/celery/app/utils.py:204: CDeprecationWarning: 
    The 'CELERY_DEFAULT_ROUTING_KEY' setting is deprecated and scheduled for removal in
    version 6.0.0. Use the task_default_routing_key instead

  deprecated.warn(description=f'The {setting!r} setting',

[2022-10-31 14:08:02,449: WARNING/MainProcess] /usr/local/lib/python3.10/site-packages/celery/app/utils.py:204: CDeprecationWarning: 
    The 'CELERY_QUEUES' setting is deprecated and scheduled for removal in
    version 6.0.0. Use the task_queues instead

  deprecated.warn(description=f'The {setting!r} setting',

[2022-10-31 14:08:02,449: WARNING/MainProcess] /usr/local/lib/python3.10/site-packages/celery/app/utils.py:204: CDeprecationWarning: 
    The 'CELERY_ROUTES' setting is deprecated and scheduled for removal in
    version 6.0.0. Use the task_routes instead

  deprecated.warn(description=f'The {setting!r} setting',

[2022-10-31 14:08:02,449: WARNING/MainProcess] Please run `celery upgrade settings path/to/settings.py` to avoid these warnings and to allow a smoother upgrade to Celery 6.0.
[2022-10-31 14:08:05,466: INFO/MainProcess] Connected to redis://redis:6379//
[2022-10-31 14:08:05,472: INFO/MainProcess] mingle: searching for neighbors
[2022-10-31 14:08:06,491: INFO/MainProcess] mingle: all alone
[2022-10-31 14:08:06,518: WARNING/MainProcess] /usr/local/lib/python3.10/site-packages/celery/fixups/django.py:203: UserWarning: Using settings.DEBUG leads to a memory
            leak, never use this setting in production environments!
  warnings.warn('''Using settings.DEBUG leads to a memory

[2022-10-31 14:08:06,518: INFO/MainProcess] celery@worker_send_msg ready.
/usr/local/lib/python3.10/site-packages/celery/platforms.py:840: SecurityWarning: You're running the worker with superuser privileges: this is
absolutely not recommended!

Please specify a different user using the --uid option.

User information: uid=0 euid=0 gid=0 egid=0

  warnings.warn(SecurityWarning(ROOT_DISCOURAGED.format(
 
 -------------- celery@worker_send_msg v5.2.3 (dawn-chorus)
--- ***** ----- 
-- ******* ---- Linux-5.10.25-linuxkit-x86_64-with-glibc2.31 2022-10-31 20:37:32
- *** --- * --- 
- ** ---------- [config]
- ** ---------- .> app:         boke:0x7f044180ea40
- ** ---------- .> transport:   redis://redis:6379//
- ** ---------- .> results:     redis://redis:6379/
- *** --- * --- .> concurrency: 4 (prefork)
-- ******* ---- .> task events: OFF (enable -E to monitor tasks in this worker)
--- ***** ----- 
 -------------- [queues]
                .> send_msg         exchange=send_msg(direct) key=send_msg
                

[tasks]
  . article.tasks.cogradient
  . users.tasks.send_sms_celery
  . users.tasks.timing

[2022-10-31 20:37:32,596: WARNING/MainProcess] /usr/local/lib/python3.10/site-packages/celery/app/utils.py:204: CDeprecationWarning: 
    The 'CELERY_DEFAULT_ROUTING_KEY' setting is deprecated and scheduled for removal in
    version 6.0.0. Use the task_default_routing_key instead

  deprecated.warn(description=f'The {setting!r} setting',

[2022-10-31 20:37:32,601: WARNING/MainProcess] /usr/local/lib/python3.10/site-packages/celery/app/utils.py:204: CDeprecationWarning: 
    The 'CELERY_ROUTES' setting is deprecated and scheduled for removal in
    version 6.0.0. Use the task_routes instead

  deprecated.warn(description=f'The {setting!r} setting',

[2022-10-31 20:37:32,603: WARNING/MainProcess] /usr/local/lib/python3.10/site-packages/celery/app/utils.py:204: CDeprecationWarning: 
    The 'CELERY_QUEUES' setting is deprecated and scheduled for removal in
    version 6.0.0. Use the task_queues instead

  deprecated.warn(description=f'The {setting!r} setting',

[2022-10-31 20:37:32,605: WARNING/MainProcess] /usr/local/lib/python3.10/site-packages/celery/app/utils.py:204: CDeprecationWarning: 
    The 'BROKER_URL' setting is deprecated and scheduled for removal in
    version 6.0.0. Use the broker_url instead

  deprecated.warn(description=f'The {setting!r} setting',

[2022-10-31 20:37:32,606: WARNING/MainProcess] /usr/local/lib/python3.10/site-packages/celery/app/utils.py:204: CDeprecationWarning: 
    The 'CELERY_DEFAULT_EXCHANGE' setting is deprecated and scheduled for removal in
    version 6.0.0. Use the task_default_exchange instead

  deprecated.warn(description=f'The {setting!r} setting',

[2022-10-31 20:37:32,606: WARNING/MainProcess] /usr/local/lib/python3.10/site-packages/celery/app/utils.py:204: CDeprecationWarning: 
    The 'CELERY_TIMEZONE' setting is deprecated and scheduled for removal in
    version 6.0.0. Use the timezone instead

  deprecated.warn(description=f'The {setting!r} setting',

[2022-10-31 20:37:32,606: WARNING/MainProcess] /usr/local/lib/python3.10/site-packages/celery/app/utils.py:204: CDeprecationWarning: 
    The 'CELERY_DEFAULT_QUEUE' setting is deprecated and scheduled for removal in
    version 6.0.0. Use the task_default_queue instead

  deprecated.warn(description=f'The {setting!r} setting',

[2022-10-31 20:37:32,607: WARNING/MainProcess] /usr/local/lib/python3.10/site-packages/celery/app/utils.py:204: CDeprecationWarning: 
    The 'CELERY_RESULT_BACKEND' setting is deprecated and scheduled for removal in
    version 6.0.0. Use the result_backend instead

  deprecated.warn(description=f'The {setting!r} setting',

[2022-10-31 20:37:32,608: WARNING/MainProcess] Please run `celery upgrade settings path/to/settings.py` to avoid these warnings and to allow a smoother upgrade to Celery 6.0.
[2022-10-31 20:37:33,215: INFO/MainProcess] Connected to redis://redis:6379//
[2022-10-31 20:37:33,223: INFO/MainProcess] mingle: searching for neighbors
[2022-10-31 20:37:34,249: INFO/MainProcess] mingle: all alone
[2022-10-31 20:37:34,263: WARNING/MainProcess] /usr/local/lib/python3.10/site-packages/celery/fixups/django.py:203: UserWarning: Using settings.DEBUG leads to a memory
            leak, never use this setting in production environments!
  warnings.warn('''Using settings.DEBUG leads to a memory

[2022-10-31 20:37:34,263: INFO/MainProcess] celery@worker_send_msg ready.
[2022-10-31 22:30:06,117: INFO/MainProcess] missed heartbeat from celery@worker_default
[2022-10-31 22:30:15,277: INFO/MainProcess] missed heartbeat from celery@worker_default
[2022-10-31 22:31:02,497: INFO/MainProcess] missed heartbeat from celery@worker_default
[2022-10-31 22:31:12,027: INFO/MainProcess] missed heartbeat from celery@worker_default
[2022-10-31 22:31:25,527: INFO/MainProcess] missed heartbeat from celery@worker_default
[2022-11-01 02:06:38,076: INFO/MainProcess] missed heartbeat from celery@worker_default
[2022-11-01 02:06:47,700: INFO/MainProcess] missed heartbeat from celery@worker_default
[2022-11-01 08:58:55,734: INFO/MainProcess] missed heartbeat from celery@worker_default
[2022-11-01 09:00:08,860: INFO/MainProcess] missed heartbeat from celery@worker_default
[2022-11-01 09:18:27,819: WARNING/MainProcess] consumer: Connection to broker lost. Trying to re-establish the connection...
Traceback (most recent call last):
  File "/usr/local/lib/python3.10/site-packages/celery/worker/consumer/consumer.py", line 326, in start
    blueprint.start(self)
  File "/usr/local/lib/python3.10/site-packages/celery/bootsteps.py", line 116, in start
    step.start(parent)
  File "/usr/local/lib/python3.10/site-packages/celery/worker/consumer/consumer.py", line 618, in start
    c.loop(*c.loop_args())
  File "/usr/local/lib/python3.10/site-packages/celery/worker/loops.py", line 97, in asynloop
    next(loop)
  File "/usr/local/lib/python3.10/site-packages/kombu/asynchronous/hub.py", line 362, in create_loop
    cb(*cbargs)
  File "/usr/local/lib/python3.10/site-packages/kombu/transport/redis.py", line 1326, in on_readable
    self.cycle.on_readable(fileno)
  File "/usr/local/lib/python3.10/site-packages/kombu/transport/redis.py", line 562, in on_readable
    chan.handlers[type]()
  File "/usr/local/lib/python3.10/site-packages/kombu/transport/redis.py", line 906, in _receive
    ret.append(self._receive_one(c))
  File "/usr/local/lib/python3.10/site-packages/kombu/transport/redis.py", line 916, in _receive_one
    response = c.parse_response()
  File "/usr/local/lib/python3.10/site-packages/redis/client.py", line 1500, in parse_response
    response = self._execute(conn, conn.read_response)
  File "/usr/local/lib/python3.10/site-packages/redis/client.py", line 1482, in _execute
    return conn.retry.call_with_retry(
  File "/usr/local/lib/python3.10/site-packages/redis/retry.py", line 49, in call_with_retry
    fail(error)
  File "/usr/local/lib/python3.10/site-packages/redis/client.py", line 1484, in <lambda>
    lambda error: self._disconnect_raise_connect(conn, error),
  File "/usr/local/lib/python3.10/site-packages/redis/client.py", line 1471, in _disconnect_raise_connect
    raise error
  File "/usr/local/lib/python3.10/site-packages/redis/retry.py", line 46, in call_with_retry
    return do()
  File "/usr/local/lib/python3.10/site-packages/redis/client.py", line 1483, in <lambda>
    lambda: command(*args, **kwargs),
  File "/usr/local/lib/python3.10/site-packages/redis/connection.py", line 824, in read_response
    response = self._parser.read_response(disable_decoding=disable_decoding)
  File "/usr/local/lib/python3.10/site-packages/redis/connection.py", line 318, in read_response
    raw = self._buffer.readline()
  File "/usr/local/lib/python3.10/site-packages/redis/connection.py", line 249, in readline
    self._read_from_socket()
  File "/usr/local/lib/python3.10/site-packages/redis/connection.py", line 195, in _read_from_socket
    raise ConnectionError(SERVER_CLOSED_CONNECTION_ERROR)
redis.exceptions.ConnectionError: Connection closed by server.
[2022-11-01 09:18:27,917: WARNING/MainProcess] /usr/local/lib/python3.10/site-packages/celery/worker/consumer/consumer.py:361: CPendingDeprecationWarning: 
In Celery 5.1 we introduced an optional breaking change which
on connection loss cancels all currently executed tasks with late acknowledgement enabled.
These tasks cannot be acknowledged as the connection is gone, and the tasks are automatically redelivered back to the queue.
You can enable this behavior using the worker_cancel_long_running_tasks_on_connection_loss setting.
In Celery 5.1 it is set to False by default. The setting will be set to True by default in Celery 6.0.

  warnings.warn(CANCEL_TASKS_BY_DEFAULT, CPendingDeprecationWarning)

[2022-11-01 09:18:28,029: ERROR/MainProcess] consumer: Cannot connect to redis://redis:6379//: Error 111 connecting to redis:6379. Connection refused..
Trying again in 2.00 seconds... (1/100)


worker: Warm shutdown (MainProcess)
/usr/local/lib/python3.10/site-packages/celery/platforms.py:840: SecurityWarning: You're running the worker with superuser privileges: this is
absolutely not recommended!

Please specify a different user using the --uid option.

User information: uid=0 euid=0 gid=0 egid=0

  warnings.warn(SecurityWarning(ROOT_DISCOURAGED.format(
 
 -------------- celery@worker_send_msg v5.2.3 (dawn-chorus)
--- ***** ----- 
-- ******* ---- Linux-5.10.25-linuxkit-x86_64-with-glibc2.31 2022-11-01 15:21:02
- *** --- * --- 
- ** ---------- [config]
- ** ---------- .> app:         boke:0x7f676c22ea70
- ** ---------- .> transport:   redis://redis:6379//
- ** ---------- .> results:     redis://redis:6379/
- *** --- * --- .> concurrency: 4 (prefork)
-- ******* ---- .> task events: OFF (enable -E to monitor tasks in this worker)
--- ***** ----- 
 -------------- [queues]
                .> send_msg         exchange=send_msg(direct) key=send_msg
                

[tasks]
  . article.tasks.cogradient
  . users.tasks.send_sms_celery
  . users.tasks.timing

[2022-11-01 15:21:02,392: WARNING/MainProcess] /usr/local/lib/python3.10/site-packages/celery/app/utils.py:204: CDeprecationWarning: 
    The 'CELERY_DEFAULT_ROUTING_KEY' setting is deprecated and scheduled for removal in
    version 6.0.0. Use the task_default_routing_key instead

  deprecated.warn(description=f'The {setting!r} setting',

[2022-11-01 15:21:02,393: WARNING/MainProcess] /usr/local/lib/python3.10/site-packages/celery/app/utils.py:204: CDeprecationWarning: 
    The 'BROKER_URL' setting is deprecated and scheduled for removal in
    version 6.0.0. Use the broker_url instead

  deprecated.warn(description=f'The {setting!r} setting',

[2022-11-01 15:21:02,393: WARNING/MainProcess] /usr/local/lib/python3.10/site-packages/celery/app/utils.py:204: CDeprecationWarning: 
    The 'CELERY_DEFAULT_EXCHANGE' setting is deprecated and scheduled for removal in
    version 6.0.0. Use the task_default_exchange instead

  deprecated.warn(description=f'The {setting!r} setting',

[2022-11-01 15:21:02,393: WARNING/MainProcess] /usr/local/lib/python3.10/site-packages/celery/app/utils.py:204: CDeprecationWarning: 
    The 'CELERY_DEFAULT_QUEUE' setting is deprecated and scheduled for removal in
    version 6.0.0. Use the task_default_queue instead

  deprecated.warn(description=f'The {setting!r} setting',

[2022-11-01 15:21:02,393: WARNING/MainProcess] /usr/local/lib/python3.10/site-packages/celery/app/utils.py:204: CDeprecationWarning: 
    The 'CELERY_RESULT_BACKEND' setting is deprecated and scheduled for removal in
    version 6.0.0. Use the result_backend instead

  deprecated.warn(description=f'The {setting!r} setting',

[2022-11-01 15:21:02,393: WARNING/MainProcess] /usr/local/lib/python3.10/site-packages/celery/app/utils.py:204: CDeprecationWarning: 
    The 'CELERY_TIMEZONE' setting is deprecated and scheduled for removal in
    version 6.0.0. Use the timezone instead

  deprecated.warn(description=f'The {setting!r} setting',

[2022-11-01 15:21:02,393: WARNING/MainProcess] /usr/local/lib/python3.10/site-packages/celery/app/utils.py:204: CDeprecationWarning: 
    The 'CELERY_ROUTES' setting is deprecated and scheduled for removal in
    version 6.0.0. Use the task_routes instead

  deprecated.warn(description=f'The {setting!r} setting',

[2022-11-01 15:21:02,394: WARNING/MainProcess] /usr/local/lib/python3.10/site-packages/celery/app/utils.py:204: CDeprecationWarning: 
    The 'CELERY_QUEUES' setting is deprecated and scheduled for removal in
    version 6.0.0. Use the task_queues instead

  deprecated.warn(description=f'The {setting!r} setting',

[2022-11-01 15:21:02,394: WARNING/MainProcess] Please run `celery upgrade settings path/to/settings.py` to avoid these warnings and to allow a smoother upgrade to Celery 6.0.
[2022-11-01 15:21:03,191: INFO/MainProcess] Connected to redis://redis:6379//
[2022-11-01 15:21:03,197: INFO/MainProcess] mingle: searching for neighbors
[2022-11-01 15:21:04,213: INFO/MainProcess] mingle: all alone
[2022-11-01 15:21:04,226: WARNING/MainProcess] /usr/local/lib/python3.10/site-packages/celery/fixups/django.py:203: UserWarning: Using settings.DEBUG leads to a memory
            leak, never use this setting in production environments!
  warnings.warn('''Using settings.DEBUG leads to a memory

[2022-11-01 15:21:04,226: INFO/MainProcess] celery@worker_send_msg ready.

worker: Warm shutdown (MainProcess)
/usr/local/lib/python3.10/site-packages/celery/platforms.py:840: SecurityWarning: You're running the worker with superuser privileges: this is
absolutely not recommended!

Please specify a different user using the --uid option.

User information: uid=0 euid=0 gid=0 egid=0

  warnings.warn(SecurityWarning(ROOT_DISCOURAGED.format(
 
 -------------- celery@worker_send_msg v5.2.3 (dawn-chorus)
--- ***** ----- 
-- ******* ---- Linux-5.10.25-linuxkit-x86_64-with-glibc2.31 2022-11-01 17:36:21
- *** --- * --- 
- ** ---------- [config]
- ** ---------- .> app:         boke:0x7f2090952a70
- ** ---------- .> transport:   redis://redis:6379//
- ** ---------- .> results:     redis://redis:6379/
- *** --- * --- .> concurrency: 4 (prefork)
-- ******* ---- .> task events: OFF (enable -E to monitor tasks in this worker)
--- ***** ----- 
 -------------- [queues]
                .> send_msg         exchange=send_msg(direct) key=send_msg
                

[tasks]
  . article.tasks.cogradient
  . users.tasks.send_sms_celery
  . users.tasks.timing

[2022-11-01 17:36:21,584: WARNING/MainProcess] /usr/local/lib/python3.10/site-packages/celery/app/utils.py:204: CDeprecationWarning: 
    The 'CELERY_DEFAULT_ROUTING_KEY' setting is deprecated and scheduled for removal in
    version 6.0.0. Use the task_default_routing_key instead

  deprecated.warn(description=f'The {setting!r} setting',

[2022-11-01 17:36:21,584: WARNING/MainProcess] /usr/local/lib/python3.10/site-packages/celery/app/utils.py:204: CDeprecationWarning: 
    The 'CELERY_TIMEZONE' setting is deprecated and scheduled for removal in
    version 6.0.0. Use the timezone instead

  deprecated.warn(description=f'The {setting!r} setting',

[2022-11-01 17:36:21,584: WARNING/MainProcess] /usr/local/lib/python3.10/site-packages/celery/app/utils.py:204: CDeprecationWarning: 
    The 'CELERY_DEFAULT_QUEUE' setting is deprecated and scheduled for removal in
    version 6.0.0. Use the task_default_queue instead

  deprecated.warn(description=f'The {setting!r} setting',

[2022-11-01 17:36:21,584: WARNING/MainProcess] /usr/local/lib/python3.10/site-packages/celery/app/utils.py:204: CDeprecationWarning: 
    The 'CELERY_RESULT_BACKEND' setting is deprecated and scheduled for removal in
    version 6.0.0. Use the result_backend instead

  deprecated.warn(description=f'The {setting!r} setting',

[2022-11-01 17:36:21,585: WARNING/MainProcess] /usr/local/lib/python3.10/site-packages/celery/app/utils.py:204: CDeprecationWarning: 
    The 'BROKER_URL' setting is deprecated and scheduled for removal in
    version 6.0.0. Use the broker_url instead

  deprecated.warn(description=f'The {setting!r} setting',

[2022-11-01 17:36:21,585: WARNING/MainProcess] /usr/local/lib/python3.10/site-packages/celery/app/utils.py:204: CDeprecationWarning: 
    The 'CELERY_ROUTES' setting is deprecated and scheduled for removal in
    version 6.0.0. Use the task_routes instead

  deprecated.warn(description=f'The {setting!r} setting',

[2022-11-01 17:36:21,585: WARNING/MainProcess] /usr/local/lib/python3.10/site-packages/celery/app/utils.py:204: CDeprecationWarning: 
    The 'CELERY_DEFAULT_EXCHANGE' setting is deprecated and scheduled for removal in
    version 6.0.0. Use the task_default_exchange instead

  deprecated.warn(description=f'The {setting!r} setting',

[2022-11-01 17:36:21,585: WARNING/MainProcess] /usr/local/lib/python3.10/site-packages/celery/app/utils.py:204: CDeprecationWarning: 
    The 'CELERY_QUEUES' setting is deprecated and scheduled for removal in
    version 6.0.0. Use the task_queues instead

  deprecated.warn(description=f'The {setting!r} setting',

[2022-11-01 17:36:21,585: WARNING/MainProcess] Please run `celery upgrade settings path/to/settings.py` to avoid these warnings and to allow a smoother upgrade to Celery 6.0.
[2022-11-01 17:36:22,464: INFO/MainProcess] Connected to redis://redis:6379//
[2022-11-01 17:36:22,470: INFO/MainProcess] mingle: searching for neighbors
[2022-11-01 17:36:23,489: INFO/MainProcess] mingle: all alone
[2022-11-01 17:36:23,510: WARNING/MainProcess] /usr/local/lib/python3.10/site-packages/celery/fixups/django.py:203: UserWarning: Using settings.DEBUG leads to a memory
            leak, never use this setting in production environments!
  warnings.warn('''Using settings.DEBUG leads to a memory

[2022-11-01 17:36:23,510: INFO/MainProcess] celery@worker_send_msg ready.
[2022-11-01 18:05:11,902: INFO/MainProcess] missed heartbeat from celery@worker_default
[2022-11-01 18:50:24,492: INFO/MainProcess] missed heartbeat from celery@worker_default
[2022-11-01 18:51:40,523: INFO/MainProcess] missed heartbeat from celery@worker_default
[2022-11-01 19:40:41,259: INFO/MainProcess] missed heartbeat from celery@worker_default

worker: Warm shutdown (MainProcess)
/usr/local/lib/python3.10/site-packages/celery/platforms.py:840: SecurityWarning: You're running the worker with superuser privileges: this is
absolutely not recommended!

Please specify a different user using the --uid option.

User information: uid=0 euid=0 gid=0 egid=0

  warnings.warn(SecurityWarning(ROOT_DISCOURAGED.format(
 
 -------------- celery@worker_send_msg v5.2.3 (dawn-chorus)
--- ***** ----- 
-- ******* ---- Linux-5.10.25-linuxkit-x86_64-with-glibc2.31 2022-11-02 10:13:48
- *** --- * --- 
- ** ---------- [config]
- ** ---------- .> app:         boke:0x7f7ad399ea70
- ** ---------- .> transport:   redis://redis:6379//
- ** ---------- .> results:     redis://redis:6379/
- *** --- * --- .> concurrency: 4 (prefork)
-- ******* ---- .> task events: OFF (enable -E to monitor tasks in this worker)
--- ***** ----- 
 -------------- [queues]
                .> send_msg         exchange=send_msg(direct) key=send_msg
                

[tasks]
  . article.tasks.cogradient
  . users.tasks.send_sms_celery
  . users.tasks.timing

[2022-11-02 10:13:48,578: WARNING/MainProcess] /usr/local/lib/python3.10/site-packages/celery/app/utils.py:204: CDeprecationWarning: 
    The 'CELERY_TIMEZONE' setting is deprecated and scheduled for removal in
    version 6.0.0. Use the timezone instead

  deprecated.warn(description=f'The {setting!r} setting',

[2022-11-02 10:13:48,579: WARNING/MainProcess] /usr/local/lib/python3.10/site-packages/celery/app/utils.py:204: CDeprecationWarning: 
    The 'CELERY_QUEUES' setting is deprecated and scheduled for removal in
    version 6.0.0. Use the task_queues instead

  deprecated.warn(description=f'The {setting!r} setting',

[2022-11-02 10:13:48,579: WARNING/MainProcess] /usr/local/lib/python3.10/site-packages/celery/app/utils.py:204: CDeprecationWarning: 
    The 'BROKER_URL' setting is deprecated and scheduled for removal in
    version 6.0.0. Use the broker_url instead

  deprecated.warn(description=f'The {setting!r} setting',

[2022-11-02 10:13:48,579: WARNING/MainProcess] /usr/local/lib/python3.10/site-packages/celery/app/utils.py:204: CDeprecationWarning: 
    The 'CELERY_DEFAULT_ROUTING_KEY' setting is deprecated and scheduled for removal in
    version 6.0.0. Use the task_default_routing_key instead

  deprecated.warn(description=f'The {setting!r} setting',

[2022-11-02 10:13:48,579: WARNING/MainProcess] /usr/local/lib/python3.10/site-packages/celery/app/utils.py:204: CDeprecationWarning: 
    The 'CELERY_DEFAULT_EXCHANGE' setting is deprecated and scheduled for removal in
    version 6.0.0. Use the task_default_exchange instead

  deprecated.warn(description=f'The {setting!r} setting',

[2022-11-02 10:13:48,579: WARNING/MainProcess] /usr/local/lib/python3.10/site-packages/celery/app/utils.py:204: CDeprecationWarning: 
    The 'CELERY_RESULT_BACKEND' setting is deprecated and scheduled for removal in
    version 6.0.0. Use the result_backend instead

  deprecated.warn(description=f'The {setting!r} setting',

[2022-11-02 10:13:48,580: WARNING/MainProcess] /usr/local/lib/python3.10/site-packages/celery/app/utils.py:204: CDeprecationWarning: 
    The 'CELERY_ROUTES' setting is deprecated and scheduled for removal in
    version 6.0.0. Use the task_routes instead

  deprecated.warn(description=f'The {setting!r} setting',

[2022-11-02 10:13:48,580: WARNING/MainProcess] /usr/local/lib/python3.10/site-packages/celery/app/utils.py:204: CDeprecationWarning: 
    The 'CELERY_DEFAULT_QUEUE' setting is deprecated and scheduled for removal in
    version 6.0.0. Use the task_default_queue instead

  deprecated.warn(description=f'The {setting!r} setting',

[2022-11-02 10:13:48,580: WARNING/MainProcess] Please run `celery upgrade settings path/to/settings.py` to avoid these warnings and to allow a smoother upgrade to Celery 6.0.
[2022-11-02 10:13:49,344: INFO/MainProcess] Connected to redis://redis:6379//
[2022-11-02 10:13:49,351: INFO/MainProcess] mingle: searching for neighbors
[2022-11-02 10:13:50,366: INFO/MainProcess] mingle: all alone
[2022-11-02 10:13:50,382: WARNING/MainProcess] /usr/local/lib/python3.10/site-packages/celery/fixups/django.py:203: UserWarning: Using settings.DEBUG leads to a memory
            leak, never use this setting in production environments!
  warnings.warn('''Using settings.DEBUG leads to a memory

[2022-11-02 10:13:50,383: INFO/MainProcess] celery@worker_send_msg ready.
[2022-11-02 13:35:45,419: INFO/MainProcess] missed heartbeat from celery@worker_default
[2022-11-02 13:45:52,202: INFO/MainProcess] missed heartbeat from celery@worker_default
[2022-11-02 18:50:25,853: INFO/MainProcess] missed heartbeat from celery@worker_default
[2022-11-02 20:04:53,459: INFO/MainProcess] missed heartbeat from celery@worker_default
[2022-11-02 20:20:10,549: WARNING/MainProcess] consumer: Connection to broker lost. Trying to re-establish the connection...
Traceback (most recent call last):
  File "/usr/local/lib/python3.10/site-packages/celery/worker/consumer/consumer.py", line 326, in start
    blueprint.start(self)
  File "/usr/local/lib/python3.10/site-packages/celery/bootsteps.py", line 116, in start
    step.start(parent)
  File "/usr/local/lib/python3.10/site-packages/celery/worker/consumer/consumer.py", line 618, in start
    c.loop(*c.loop_args())
  File "/usr/local/lib/python3.10/site-packages/celery/worker/loops.py", line 97, in asynloop
    next(loop)
  File "/usr/local/lib/python3.10/site-packages/kombu/asynchronous/hub.py", line 362, in create_loop
    cb(*cbargs)
  File "/usr/local/lib/python3.10/site-packages/kombu/transport/redis.py", line 1326, in on_readable
    self.cycle.on_readable(fileno)
  File "/usr/local/lib/python3.10/site-packages/kombu/transport/redis.py", line 562, in on_readable
    chan.handlers[type]()
  File "/usr/local/lib/python3.10/site-packages/kombu/transport/redis.py", line 906, in _receive
    ret.append(self._receive_one(c))
  File "/usr/local/lib/python3.10/site-packages/kombu/transport/redis.py", line 916, in _receive_one
    response = c.parse_response()
  File "/usr/local/lib/python3.10/site-packages/redis/client.py", line 1500, in parse_response
    response = self._execute(conn, conn.read_response)
  File "/usr/local/lib/python3.10/site-packages/redis/client.py", line 1482, in _execute
    return conn.retry.call_with_retry(
  File "/usr/local/lib/python3.10/site-packages/redis/retry.py", line 49, in call_with_retry
    fail(error)
  File "/usr/local/lib/python3.10/site-packages/redis/client.py", line 1484, in <lambda>
    lambda error: self._disconnect_raise_connect(conn, error),
  File "/usr/local/lib/python3.10/site-packages/redis/client.py", line 1471, in _disconnect_raise_connect
    raise error
  File "/usr/local/lib/python3.10/site-packages/redis/retry.py", line 46, in call_with_retry
    return do()
  File "/usr/local/lib/python3.10/site-packages/redis/client.py", line 1483, in <lambda>
    lambda: command(*args, **kwargs),
  File "/usr/local/lib/python3.10/site-packages/redis/connection.py", line 824, in read_response
    response = self._parser.read_response(disable_decoding=disable_decoding)
  File "/usr/local/lib/python3.10/site-packages/redis/connection.py", line 318, in read_response
    raw = self._buffer.readline()
  File "/usr/local/lib/python3.10/site-packages/redis/connection.py", line 249, in readline
    self._read_from_socket()
  File "/usr/local/lib/python3.10/site-packages/redis/connection.py", line 195, in _read_from_socket
    raise ConnectionError(SERVER_CLOSED_CONNECTION_ERROR)
redis.exceptions.ConnectionError: Connection closed by server.
[2022-11-02 20:20:10,626: WARNING/MainProcess] /usr/local/lib/python3.10/site-packages/celery/worker/consumer/consumer.py:361: CPendingDeprecationWarning: 
In Celery 5.1 we introduced an optional breaking change which
on connection loss cancels all currently executed tasks with late acknowledgement enabled.
These tasks cannot be acknowledged as the connection is gone, and the tasks are automatically redelivered back to the queue.
You can enable this behavior using the worker_cancel_long_running_tasks_on_connection_loss setting.
In Celery 5.1 it is set to False by default. The setting will be set to True by default in Celery 6.0.

  warnings.warn(CANCEL_TASKS_BY_DEFAULT, CPendingDeprecationWarning)

[2022-11-02 20:20:10,737: ERROR/MainProcess] consumer: Cannot connect to redis://redis:6379//: Error 111 connecting to redis:6379. Connection refused..
Trying again in 2.00 seconds... (1/100)


worker: Warm shutdown (MainProcess)
/usr/local/lib/python3.10/site-packages/celery/platforms.py:840: SecurityWarning: You're running the worker with superuser privileges: this is
absolutely not recommended!

Please specify a different user using the --uid option.

User information: uid=0 euid=0 gid=0 egid=0

  warnings.warn(SecurityWarning(ROOT_DISCOURAGED.format(
 
 -------------- celery@worker_send_msg v5.2.3 (dawn-chorus)
--- ***** ----- 
-- ******* ---- Linux-5.10.25-linuxkit-x86_64-with-glibc2.31 2022-11-02 20:21:00
- *** --- * --- 
- ** ---------- [config]
- ** ---------- .> app:         boke:0x7fe473ebea40
- ** ---------- .> transport:   redis://redis:6379//
- ** ---------- .> results:     redis://redis:6379/
- *** --- * --- .> concurrency: 4 (prefork)
-- ******* ---- .> task events: OFF (enable -E to monitor tasks in this worker)
--- ***** ----- 
 -------------- [queues]
                .> send_msg         exchange=send_msg(direct) key=send_msg
                

[tasks]
  . article.tasks.cogradient
  . users.tasks.send_sms_celery
  . users.tasks.timing

[2022-11-02 20:21:00,173: WARNING/MainProcess] /usr/local/lib/python3.10/site-packages/celery/app/utils.py:204: CDeprecationWarning: 
    The 'CELERY_TIMEZONE' setting is deprecated and scheduled for removal in
    version 6.0.0. Use the timezone instead

  deprecated.warn(description=f'The {setting!r} setting',

[2022-11-02 20:21:00,173: WARNING/MainProcess] /usr/local/lib/python3.10/site-packages/celery/app/utils.py:204: CDeprecationWarning: 
    The 'CELERY_QUEUES' setting is deprecated and scheduled for removal in
    version 6.0.0. Use the task_queues instead

  deprecated.warn(description=f'The {setting!r} setting',

[2022-11-02 20:21:00,176: WARNING/MainProcess] /usr/local/lib/python3.10/site-packages/celery/app/utils.py:204: CDeprecationWarning: 
    The 'CELERY_RESULT_BACKEND' setting is deprecated and scheduled for removal in
    version 6.0.0. Use the result_backend instead

  deprecated.warn(description=f'The {setting!r} setting',

[2022-11-02 20:21:00,176: WARNING/MainProcess] /usr/local/lib/python3.10/site-packages/celery/app/utils.py:204: CDeprecationWarning: 
    The 'CELERY_DEFAULT_QUEUE' setting is deprecated and scheduled for removal in
    version 6.0.0. Use the task_default_queue instead

  deprecated.warn(description=f'The {setting!r} setting',

[2022-11-02 20:21:00,176: WARNING/MainProcess] /usr/local/lib/python3.10/site-packages/celery/app/utils.py:204: CDeprecationWarning: 
    The 'CELERY_ROUTES' setting is deprecated and scheduled for removal in
    version 6.0.0. Use the task_routes instead

  deprecated.warn(description=f'The {setting!r} setting',

[2022-11-02 20:21:00,176: WARNING/MainProcess] /usr/local/lib/python3.10/site-packages/celery/app/utils.py:204: CDeprecationWarning: 
    The 'CELERY_DEFAULT_EXCHANGE' setting is deprecated and scheduled for removal in
    version 6.0.0. Use the task_default_exchange instead

  deprecated.warn(description=f'The {setting!r} setting',

[2022-11-02 20:21:00,177: WARNING/MainProcess] /usr/local/lib/python3.10/site-packages/celery/app/utils.py:204: CDeprecationWarning: 
    The 'CELERY_DEFAULT_ROUTING_KEY' setting is deprecated and scheduled for removal in
    version 6.0.0. Use the task_default_routing_key instead

  deprecated.warn(description=f'The {setting!r} setting',

[2022-11-02 20:21:00,177: WARNING/MainProcess] /usr/local/lib/python3.10/site-packages/celery/app/utils.py:204: CDeprecationWarning: 
    The 'BROKER_URL' setting is deprecated and scheduled for removal in
    version 6.0.0. Use the broker_url instead

  deprecated.warn(description=f'The {setting!r} setting',

[2022-11-02 20:21:00,177: WARNING/MainProcess] Please run `celery upgrade settings path/to/settings.py` to avoid these warnings and to allow a smoother upgrade to Celery 6.0.
[2022-11-02 20:21:01,088: INFO/MainProcess] Connected to redis://redis:6379//
[2022-11-02 20:21:01,098: INFO/MainProcess] mingle: searching for neighbors
[2022-11-02 20:21:02,080: INFO/MainProcess] mingle: all alone
[2022-11-02 20:21:02,104: WARNING/MainProcess] /usr/local/lib/python3.10/site-packages/celery/fixups/django.py:203: UserWarning: Using settings.DEBUG leads to a memory
            leak, never use this setting in production environments!
  warnings.warn('''Using settings.DEBUG leads to a memory

[2022-11-02 20:21:02,104: INFO/MainProcess] celery@worker_send_msg ready.
[2022-11-03 18:42:52,177: INFO/MainProcess] missed heartbeat from celery@worker_default
[2022-11-04 00:05:51,881: INFO/MainProcess] missed heartbeat from celery@worker_default
[2022-11-04 00:06:19,073: INFO/MainProcess] missed heartbeat from celery@worker_default
[2022-11-04 09:17:09,583: WARNING/MainProcess] Substantial drift from celery@worker_default may mean clocks are out of sync.  Current drift is 33051 seconds.  [orig: 2022-11-04 09:17:09.565463 recv: 2022-11-04 00:06:18.883160]
[2022-11-04 20:01:43,954: INFO/MainProcess] missed heartbeat from celery@worker_default
[2022-11-04 20:12:08,381: INFO/MainProcess] missed heartbeat from celery@worker_default
[2022-11-04 22:00:08,133: INFO/MainProcess] missed heartbeat from celery@worker_default
[2022-11-05 10:11:50,331: INFO/MainProcess] missed heartbeat from celery@worker_default
[2022-11-05 10:13:13,938: INFO/MainProcess] missed heartbeat from celery@worker_default
[2022-11-05 11:14:01,669: INFO/MainProcess] missed heartbeat from celery@worker_default
[2022-11-05 13:57:47,143: INFO/MainProcess] missed heartbeat from celery@worker_default
[2022-11-05 15:58:14,721: WARNING/MainProcess] consumer: Connection to broker lost. Trying to re-establish the connection...
Traceback (most recent call last):
  File "/usr/local/lib/python3.10/site-packages/celery/worker/consumer/consumer.py", line 326, in start
    blueprint.start(self)
  File "/usr/local/lib/python3.10/site-packages/celery/bootsteps.py", line 116, in start
    step.start(parent)
  File "/usr/local/lib/python3.10/site-packages/celery/worker/consumer/consumer.py", line 618, in start
    c.loop(*c.loop_args())
  File "/usr/local/lib/python3.10/site-packages/celery/worker/loops.py", line 97, in asynloop
    next(loop)
  File "/usr/local/lib/python3.10/site-packages/kombu/asynchronous/hub.py", line 362, in create_loop
    cb(*cbargs)
  File "/usr/local/lib/python3.10/site-packages/kombu/transport/redis.py", line 1326, in on_readable
    self.cycle.on_readable(fileno)
  File "/usr/local/lib/python3.10/site-packages/kombu/transport/redis.py", line 562, in on_readable
    chan.handlers[type]()
  File "/usr/local/lib/python3.10/site-packages/kombu/transport/redis.py", line 906, in _receive
    ret.append(self._receive_one(c))
  File "/usr/local/lib/python3.10/site-packages/kombu/transport/redis.py", line 916, in _receive_one
    response = c.parse_response()
  File "/usr/local/lib/python3.10/site-packages/redis/client.py", line 1500, in parse_response
    response = self._execute(conn, conn.read_response)
  File "/usr/local/lib/python3.10/site-packages/redis/client.py", line 1482, in _execute
    return conn.retry.call_with_retry(
  File "/usr/local/lib/python3.10/site-packages/redis/retry.py", line 49, in call_with_retry
    fail(error)
  File "/usr/local/lib/python3.10/site-packages/redis/client.py", line 1484, in <lambda>
    lambda error: self._disconnect_raise_connect(conn, error),
  File "/usr/local/lib/python3.10/site-packages/redis/client.py", line 1471, in _disconnect_raise_connect
    raise error
  File "/usr/local/lib/python3.10/site-packages/redis/retry.py", line 46, in call_with_retry
    return do()
  File "/usr/local/lib/python3.10/site-packages/redis/client.py", line 1483, in <lambda>
    lambda: command(*args, **kwargs),
  File "/usr/local/lib/python3.10/site-packages/redis/connection.py", line 824, in read_response
    response = self._parser.read_response(disable_decoding=disable_decoding)
  File "/usr/local/lib/python3.10/site-packages/redis/connection.py", line 318, in read_response
    raw = self._buffer.readline()
  File "/usr/local/lib/python3.10/site-packages/redis/connection.py", line 249, in readline
    self._read_from_socket()
  File "/usr/local/lib/python3.10/site-packages/redis/connection.py", line 195, in _read_from_socket
    raise ConnectionError(SERVER_CLOSED_CONNECTION_ERROR)
redis.exceptions.ConnectionError: Connection closed by server.
[2022-11-05 15:58:15,019: WARNING/MainProcess] /usr/local/lib/python3.10/site-packages/celery/worker/consumer/consumer.py:361: CPendingDeprecationWarning: 
In Celery 5.1 we introduced an optional breaking change which
on connection loss cancels all currently executed tasks with late acknowledgement enabled.
These tasks cannot be acknowledged as the connection is gone, and the tasks are automatically redelivered back to the queue.
You can enable this behavior using the worker_cancel_long_running_tasks_on_connection_loss setting.
In Celery 5.1 it is set to False by default. The setting will be set to True by default in Celery 6.0.

  warnings.warn(CANCEL_TASKS_BY_DEFAULT, CPendingDeprecationWarning)

[2022-11-05 15:58:15,209: ERROR/MainProcess] consumer: Cannot connect to redis://redis:6379//: Error 111 connecting to redis:6379. Connection refused..
Trying again in 2.00 seconds... (1/100)

